2017-07-18 17:29:19.671  INFO 16934 --- [main] al.taghizadeh.TestKannelApplication      : Starting TestKannelApplication on Taghizadeh with PID 16934 (/home/ali/IdeaProjects/TestKannel/target/classes started by ali in /home/ali/IdeaProjects/TestKannel)
2017-07-18 17:29:19.674  INFO 16934 --- [main] al.taghizadeh.TestKannelApplication      : No active profile set, falling back to default profiles: default
2017-07-18 17:29:19.725  INFO 16934 --- [main] ationConfigEmbeddedWebApplicationContext : Refreshing org.springframework.boot.context.embedded.AnnotationConfigEmbeddedWebApplicationContext@1786f9d5: startup date [Tue Jul 18 17:29:19 IRDT 2017]; root of context hierarchy
2017-07-18 17:29:20.811  INFO 16934 --- [main] s.b.c.e.t.TomcatEmbeddedServletContainer : Tomcat initialized with port(s): 8080 (http)
2017-07-18 17:29:20.818  INFO 16934 --- [main] o.apache.catalina.core.StandardService   : Starting service [Tomcat]
2017-07-18 17:29:20.819  INFO 16934 --- [main] org.apache.catalina.core.StandardEngine  : Starting Servlet Engine: Apache Tomcat/8.5.15
2017-07-18 17:29:20.862  INFO 16934 --- [localhost-startStop-1] o.a.c.c.C.[Tomcat].[localhost].[/]       : Initializing Spring embedded WebApplicationContext
2017-07-18 17:29:20.862  INFO 16934 --- [localhost-startStop-1] o.s.web.context.ContextLoader            : Root WebApplicationContext: initialization completed in 1140 ms
2017-07-18 17:29:20.922  INFO 16934 --- [localhost-startStop-1] o.s.b.w.servlet.ServletRegistrationBean  : Mapping servlet: 'dispatcherServlet' to [/]
2017-07-18 17:29:20.925  INFO 16934 --- [localhost-startStop-1] o.s.b.w.servlet.FilterRegistrationBean   : Mapping filter: 'characterEncodingFilter' to: [/*]
2017-07-18 17:29:20.925  INFO 16934 --- [localhost-startStop-1] o.s.b.w.servlet.FilterRegistrationBean   : Mapping filter: 'hiddenHttpMethodFilter' to: [/*]
2017-07-18 17:29:20.925  INFO 16934 --- [localhost-startStop-1] o.s.b.w.servlet.FilterRegistrationBean   : Mapping filter: 'httpPutFormContentFilter' to: [/*]
2017-07-18 17:29:20.925  INFO 16934 --- [localhost-startStop-1] o.s.b.w.servlet.FilterRegistrationBean   : Mapping filter: 'requestContextFilter' to: [/*]
2017-07-18 17:29:21.097  INFO 16934 --- [main] s.w.s.m.m.a.RequestMappingHandlerAdapter : Looking for @ControllerAdvice: org.springframework.boot.context.embedded.AnnotationConfigEmbeddedWebApplicationContext@1786f9d5: startup date [Tue Jul 18 17:29:19 IRDT 2017]; root of context hierarchy
2017-07-18 17:29:21.133  INFO 16934 --- [main] s.w.s.m.m.a.RequestMappingHandlerMapping : Mapped "{[/kannel/receive],methods=[GET]}" onto public org.springframework.http.ResponseEntity al.taghizadeh.MainController.receiveNewMessage(java.lang.String,java.lang.String,java.lang.String,java.lang.String,java.lang.String)
2017-07-18 17:29:21.134  INFO 16934 --- [main] s.w.s.m.m.a.RequestMappingHandlerMapping : Mapped "{[/kannel/dlr],methods=[GET]}" onto public org.springframework.http.ResponseEntity al.taghizadeh.MainController.receiveDeliveryMessage(java.lang.String,java.lang.String)
2017-07-18 17:29:21.135  INFO 16934 --- [main] s.w.s.m.m.a.RequestMappingHandlerMapping : Mapped "{[/error],produces=[text/html]}" onto public org.springframework.web.servlet.ModelAndView org.springframework.boot.autoconfigure.web.BasicErrorController.errorHtml(javax.servlet.http.HttpServletRequest,javax.servlet.http.HttpServletResponse)
2017-07-18 17:29:21.136  INFO 16934 --- [main] s.w.s.m.m.a.RequestMappingHandlerMapping : Mapped "{[/error]}" onto public org.springframework.http.ResponseEntity<java.util.Map<java.lang.String, java.lang.Object>> org.springframework.boot.autoconfigure.web.BasicErrorController.error(javax.servlet.http.HttpServletRequest)
2017-07-18 17:29:21.152  INFO 16934 --- [main] o.s.w.s.handler.SimpleUrlHandlerMapping  : Mapped URL path [/webjars/**] onto handler of type [class org.springframework.web.servlet.resource.ResourceHttpRequestHandler]
2017-07-18 17:29:21.152  INFO 16934 --- [main] o.s.w.s.handler.SimpleUrlHandlerMapping  : Mapped URL path [/**] onto handler of type [class org.springframework.web.servlet.resource.ResourceHttpRequestHandler]
2017-07-18 17:29:21.170  INFO 16934 --- [main] o.s.w.s.handler.SimpleUrlHandlerMapping  : Mapped URL path [/**/favicon.ico] onto handler of type [class org.springframework.web.servlet.resource.ResourceHttpRequestHandler]
2017-07-18 17:29:21.242  INFO 16934 --- [main] o.s.j.e.a.AnnotationMBeanExporter        : Registering beans for JMX exposure on startup
2017-07-18 17:29:21.267  INFO 16934 --- [main] s.b.c.e.t.TomcatEmbeddedServletContainer : Tomcat started on port(s): 8080 (http)
2017-07-18 17:29:21.269  INFO 16934 --- [main] al.taghizadeh.TestKannelApplication      : Started TestKannelApplication in 1.835 seconds (JVM running for 2.184)
2017-07-18 17:29:28.991  INFO 16934 --- [Thread-3] ationConfigEmbeddedWebApplicationContext : Closing org.springframework.boot.context.embedded.AnnotationConfigEmbeddedWebApplicationContext@1786f9d5: startup date [Tue Jul 18 17:29:19 IRDT 2017]; root of context hierarchy
2017-07-18 17:29:28.993  INFO 16934 --- [Thread-3] o.s.j.e.a.AnnotationMBeanExporter        : Unregistering JMX-exposed beans on shutdown
2017-07-18 17:31:07.146  INFO 17033 --- [main] al.taghizadeh.TestKannelApplication      : Starting TestKannelApplication on Taghizadeh with PID 17033 (/home/ali/IdeaProjects/TestKannel/target/classes started by ali in /home/ali/IdeaProjects/TestKannel)
2017-07-18 17:31:07.149  INFO 17033 --- [main] al.taghizadeh.TestKannelApplication      : No active profile set, falling back to default profiles: default
2017-07-18 17:31:07.190  INFO 17033 --- [main] ationConfigEmbeddedWebApplicationContext : Refreshing org.springframework.boot.context.embedded.AnnotationConfigEmbeddedWebApplicationContext@1786f9d5: startup date [Tue Jul 18 17:31:07 IRDT 2017]; root of context hierarchy
2017-07-18 17:31:08.298  INFO 17033 --- [main] s.b.c.e.t.TomcatEmbeddedServletContainer : Tomcat initialized with port(s): 8080 (http)
2017-07-18 17:31:08.305  INFO 17033 --- [main] o.apache.catalina.core.StandardService   : Starting service [Tomcat]
2017-07-18 17:31:08.306  INFO 17033 --- [main] org.apache.catalina.core.StandardEngine  : Starting Servlet Engine: Apache Tomcat/8.5.15
2017-07-18 17:31:08.359  INFO 17033 --- [localhost-startStop-1] o.a.c.c.C.[Tomcat].[localhost].[/]       : Initializing Spring embedded WebApplicationContext
2017-07-18 17:31:08.359  INFO 17033 --- [localhost-startStop-1] o.s.web.context.ContextLoader            : Root WebApplicationContext: initialization completed in 1171 ms
2017-07-18 17:31:08.436  INFO 17033 --- [localhost-startStop-1] o.s.b.w.servlet.ServletRegistrationBean  : Mapping servlet: 'dispatcherServlet' to [/]
2017-07-18 17:31:08.438  INFO 17033 --- [localhost-startStop-1] o.s.b.w.servlet.FilterRegistrationBean   : Mapping filter: 'characterEncodingFilter' to: [/*]
2017-07-18 17:31:08.439  INFO 17033 --- [localhost-startStop-1] o.s.b.w.servlet.FilterRegistrationBean   : Mapping filter: 'hiddenHttpMethodFilter' to: [/*]
2017-07-18 17:31:08.439  INFO 17033 --- [localhost-startStop-1] o.s.b.w.servlet.FilterRegistrationBean   : Mapping filter: 'httpPutFormContentFilter' to: [/*]
2017-07-18 17:31:08.439  INFO 17033 --- [localhost-startStop-1] o.s.b.w.servlet.FilterRegistrationBean   : Mapping filter: 'requestContextFilter' to: [/*]
2017-07-18 17:31:08.642  INFO 17033 --- [main] s.w.s.m.m.a.RequestMappingHandlerAdapter : Looking for @ControllerAdvice: org.springframework.boot.context.embedded.AnnotationConfigEmbeddedWebApplicationContext@1786f9d5: startup date [Tue Jul 18 17:31:07 IRDT 2017]; root of context hierarchy
2017-07-18 17:31:08.679  INFO 17033 --- [main] s.w.s.m.m.a.RequestMappingHandlerMapping : Mapped "{[/kannel/dlr],methods=[GET]}" onto public org.springframework.http.ResponseEntity al.taghizadeh.MainController.receiveDeliveryMessage(java.lang.String,java.lang.String)
2017-07-18 17:31:08.680  INFO 17033 --- [main] s.w.s.m.m.a.RequestMappingHandlerMapping : Mapped "{[/kannel/receive],methods=[GET]}" onto public org.springframework.http.ResponseEntity al.taghizadeh.MainController.receiveNewMessage(java.lang.String,java.lang.String,java.lang.String,java.lang.String,java.lang.String)
2017-07-18 17:31:08.683  INFO 17033 --- [main] s.w.s.m.m.a.RequestMappingHandlerMapping : Mapped "{[/error],produces=[text/html]}" onto public org.springframework.web.servlet.ModelAndView org.springframework.boot.autoconfigure.web.BasicErrorController.errorHtml(javax.servlet.http.HttpServletRequest,javax.servlet.http.HttpServletResponse)
2017-07-18 17:31:08.683  INFO 17033 --- [main] s.w.s.m.m.a.RequestMappingHandlerMapping : Mapped "{[/error]}" onto public org.springframework.http.ResponseEntity<java.util.Map<java.lang.String, java.lang.Object>> org.springframework.boot.autoconfigure.web.BasicErrorController.error(javax.servlet.http.HttpServletRequest)
2017-07-18 17:31:08.703  INFO 17033 --- [main] o.s.w.s.handler.SimpleUrlHandlerMapping  : Mapped URL path [/webjars/**] onto handler of type [class org.springframework.web.servlet.resource.ResourceHttpRequestHandler]
2017-07-18 17:31:08.703  INFO 17033 --- [main] o.s.w.s.handler.SimpleUrlHandlerMapping  : Mapped URL path [/**] onto handler of type [class org.springframework.web.servlet.resource.ResourceHttpRequestHandler]
2017-07-18 17:31:08.724  INFO 17033 --- [main] o.s.w.s.handler.SimpleUrlHandlerMapping  : Mapped URL path [/**/favicon.ico] onto handler of type [class org.springframework.web.servlet.resource.ResourceHttpRequestHandler]
2017-07-18 17:31:08.805  INFO 17033 --- [main] o.s.j.e.a.AnnotationMBeanExporter        : Registering beans for JMX exposure on startup
2017-07-18 17:31:08.832  INFO 17033 --- [main] s.b.c.e.t.TomcatEmbeddedServletContainer : Tomcat started on port(s): 8080 (http)
2017-07-18 17:31:08.836  INFO 17033 --- [main] al.taghizadeh.TestKannelApplication      : Started TestKannelApplication in 1.925 seconds (JVM running for 2.234)
2017-07-18 17:31:21.847  INFO 17033 --- [Thread-3] ationConfigEmbeddedWebApplicationContext : Closing org.springframework.boot.context.embedded.AnnotationConfigEmbeddedWebApplicationContext@1786f9d5: startup date [Tue Jul 18 17:31:07 IRDT 2017]; root of context hierarchy
2017-07-18 17:31:21.849  INFO 17033 --- [Thread-3] o.s.j.e.a.AnnotationMBeanExporter        : Unregistering JMX-exposed beans on shutdown
2017-07-18 17:45:54.505  INFO 17623 --- [main] a.taghizadeh.TestKannelApplicationTests  : Starting TestKannelApplicationTests on Taghizadeh with PID 17623 (started by ali in /home/ali/IdeaProjects/TestKannel)
2017-07-18 17:45:54.507  INFO 17623 --- [main] a.taghizadeh.TestKannelApplicationTests  : No active profile set, falling back to default profiles: default
2017-07-18 17:45:54.544  INFO 17623 --- [main] o.s.w.c.s.GenericWebApplicationContext   : Refreshing org.springframework.web.context.support.GenericWebApplicationContext@2e1d27ba: startup date [Tue Jul 18 17:45:54 IRDT 2017]; root of context hierarchy
2017-07-18 17:45:55.882  INFO 17623 --- [main] s.w.s.m.m.a.RequestMappingHandlerAdapter : Looking for @ControllerAdvice: org.springframework.web.context.support.GenericWebApplicationContext@2e1d27ba: startup date [Tue Jul 18 17:45:54 IRDT 2017]; root of context hierarchy
2017-07-18 17:45:55.953  INFO 17623 --- [main] s.w.s.m.m.a.RequestMappingHandlerMapping : Mapped "{[/kannel/receive],methods=[GET]}" onto public org.springframework.http.ResponseEntity al.taghizadeh.MainController.receiveNewMessage(java.lang.String,java.lang.String,java.lang.String,java.lang.String,java.lang.String)
2017-07-18 17:45:55.955  INFO 17623 --- [main] s.w.s.m.m.a.RequestMappingHandlerMapping : Mapped "{[/kannel/dlr],methods=[GET]}" onto public org.springframework.http.ResponseEntity al.taghizadeh.MainController.receiveDeliveryMessage(java.lang.String,java.lang.String)
2017-07-18 17:45:55.957  INFO 17623 --- [main] s.w.s.m.m.a.RequestMappingHandlerMapping : Mapped "{[/error],produces=[text/html]}" onto public org.springframework.web.servlet.ModelAndView org.springframework.boot.autoconfigure.web.BasicErrorController.errorHtml(javax.servlet.http.HttpServletRequest,javax.servlet.http.HttpServletResponse)
2017-07-18 17:45:55.958  INFO 17623 --- [main] s.w.s.m.m.a.RequestMappingHandlerMapping : Mapped "{[/error]}" onto public org.springframework.http.ResponseEntity<java.util.Map<java.lang.String, java.lang.Object>> org.springframework.boot.autoconfigure.web.BasicErrorController.error(javax.servlet.http.HttpServletRequest)
2017-07-18 17:45:55.990  INFO 17623 --- [main] o.s.w.s.handler.SimpleUrlHandlerMapping  : Mapped URL path [/webjars/**] onto handler of type [class org.springframework.web.servlet.resource.ResourceHttpRequestHandler]
2017-07-18 17:45:55.991  INFO 17623 --- [main] o.s.w.s.handler.SimpleUrlHandlerMapping  : Mapped URL path [/**] onto handler of type [class org.springframework.web.servlet.resource.ResourceHttpRequestHandler]
2017-07-18 17:45:56.032  INFO 17623 --- [main] o.s.w.s.handler.SimpleUrlHandlerMapping  : Mapped URL path [/**/favicon.ico] onto handler of type [class org.springframework.web.servlet.resource.ResourceHttpRequestHandler]
2017-07-18 17:45:56.208  INFO 17623 --- [main] a.taghizadeh.TestKannelApplicationTests  : Started TestKannelApplicationTests in 1.908 seconds (JVM running for 2.603)
2017-07-18 17:45:56.275  INFO 17623 --- [Thread-2] o.s.w.c.s.GenericWebApplicationContext   : Closing org.springframework.web.context.support.GenericWebApplicationContext@2e1d27ba: startup date [Tue Jul 18 17:45:54 IRDT 2017]; root of context hierarchy
2017-07-18 18:01:36.019  INFO 18300 --- [main] a.taghizadeh.TestKannelApplicationTests  : Starting TestKannelApplicationTests on Taghizadeh with PID 18300 (started by ali in /home/ali/IdeaProjects/TestKannel)
2017-07-18 18:01:36.021  INFO 18300 --- [main] a.taghizadeh.TestKannelApplicationTests  : No active profile set, falling back to default profiles: default
2017-07-18 18:01:36.075  INFO 18300 --- [main] o.s.w.c.s.GenericWebApplicationContext   : Refreshing org.springframework.web.context.support.GenericWebApplicationContext@2e1d27ba: startup date [Tue Jul 18 18:01:36 IRDT 2017]; root of context hierarchy
2017-07-18 18:01:37.441  INFO 18300 --- [main] s.w.s.m.m.a.RequestMappingHandlerAdapter : Looking for @ControllerAdvice: org.springframework.web.context.support.GenericWebApplicationContext@2e1d27ba: startup date [Tue Jul 18 18:01:36 IRDT 2017]; root of context hierarchy
2017-07-18 18:01:37.512  INFO 18300 --- [main] s.w.s.m.m.a.RequestMappingHandlerMapping : Mapped "{[/kannel/receive],methods=[GET]}" onto public org.springframework.http.ResponseEntity al.taghizadeh.MainController.receiveNewMessage(java.lang.String,java.lang.String,java.lang.String,java.lang.String,java.lang.String)
2017-07-18 18:01:37.514  INFO 18300 --- [main] s.w.s.m.m.a.RequestMappingHandlerMapping : Mapped "{[/kannel/dlr],methods=[GET]}" onto public org.springframework.http.ResponseEntity al.taghizadeh.MainController.receiveDeliveryMessage(java.lang.String,java.lang.String)
2017-07-18 18:01:37.519  INFO 18300 --- [main] s.w.s.m.m.a.RequestMappingHandlerMapping : Mapped "{[/error],produces=[text/html]}" onto public org.springframework.web.servlet.ModelAndView org.springframework.boot.autoconfigure.web.BasicErrorController.errorHtml(javax.servlet.http.HttpServletRequest,javax.servlet.http.HttpServletResponse)
2017-07-18 18:01:37.522  INFO 18300 --- [main] s.w.s.m.m.a.RequestMappingHandlerMapping : Mapped "{[/error]}" onto public org.springframework.http.ResponseEntity<java.util.Map<java.lang.String, java.lang.Object>> org.springframework.boot.autoconfigure.web.BasicErrorController.error(javax.servlet.http.HttpServletRequest)
2017-07-18 18:01:37.557  INFO 18300 --- [main] o.s.w.s.handler.SimpleUrlHandlerMapping  : Mapped URL path [/webjars/**] onto handler of type [class org.springframework.web.servlet.resource.ResourceHttpRequestHandler]
2017-07-18 18:01:37.558  INFO 18300 --- [main] o.s.w.s.handler.SimpleUrlHandlerMapping  : Mapped URL path [/**] onto handler of type [class org.springframework.web.servlet.resource.ResourceHttpRequestHandler]
2017-07-18 18:01:37.611  INFO 18300 --- [main] o.s.w.s.handler.SimpleUrlHandlerMapping  : Mapped URL path [/**/favicon.ico] onto handler of type [class org.springframework.web.servlet.resource.ResourceHttpRequestHandler]
2017-07-18 18:01:37.778  INFO 18300 --- [main] a.taghizadeh.TestKannelApplicationTests  : Started TestKannelApplicationTests in 1.982 seconds (JVM running for 2.704)
2017-07-18 18:01:37.825  INFO 18300 --- [Thread-2] o.s.w.c.s.GenericWebApplicationContext   : Closing org.springframework.web.context.support.GenericWebApplicationContext@2e1d27ba: startup date [Tue Jul 18 18:01:36 IRDT 2017]; root of context hierarchy
2017-07-18 18:12:12.543  INFO 18832 --- [main] a.taghizadeh.TestKannelApplicationTests  : Starting TestKannelApplicationTests on Taghizadeh with PID 18832 (started by ali in /home/ali/IdeaProjects/TestKannel)
2017-07-18 18:12:12.545  INFO 18832 --- [main] a.taghizadeh.TestKannelApplicationTests  : No active profile set, falling back to default profiles: default
2017-07-18 18:12:12.588  INFO 18832 --- [main] o.s.w.c.s.GenericWebApplicationContext   : Refreshing org.springframework.web.context.support.GenericWebApplicationContext@2e1d27ba: startup date [Tue Jul 18 18:12:12 IRDT 2017]; root of context hierarchy
2017-07-18 18:12:13.950  INFO 18832 --- [main] s.w.s.m.m.a.RequestMappingHandlerAdapter : Looking for @ControllerAdvice: org.springframework.web.context.support.GenericWebApplicationContext@2e1d27ba: startup date [Tue Jul 18 18:12:12 IRDT 2017]; root of context hierarchy
2017-07-18 18:12:14.030  INFO 18832 --- [main] s.w.s.m.m.a.RequestMappingHandlerMapping : Mapped "{[/kannel/receive],methods=[GET]}" onto public org.springframework.http.ResponseEntity al.taghizadeh.MainController.receiveNewMessage(java.lang.String,java.lang.String,java.lang.String,java.lang.String,java.lang.String)
2017-07-18 18:12:14.036  INFO 18832 --- [main] s.w.s.m.m.a.RequestMappingHandlerMapping : Mapped "{[/kannel/dlr],methods=[GET]}" onto public org.springframework.http.ResponseEntity al.taghizadeh.MainController.receiveDeliveryMessage(java.lang.String,java.lang.String)
2017-07-18 18:12:14.039  INFO 18832 --- [main] s.w.s.m.m.a.RequestMappingHandlerMapping : Mapped "{[/error],produces=[text/html]}" onto public org.springframework.web.servlet.ModelAndView org.springframework.boot.autoconfigure.web.BasicErrorController.errorHtml(javax.servlet.http.HttpServletRequest,javax.servlet.http.HttpServletResponse)
2017-07-18 18:12:14.039  INFO 18832 --- [main] s.w.s.m.m.a.RequestMappingHandlerMapping : Mapped "{[/error]}" onto public org.springframework.http.ResponseEntity<java.util.Map<java.lang.String, java.lang.Object>> org.springframework.boot.autoconfigure.web.BasicErrorController.error(javax.servlet.http.HttpServletRequest)
2017-07-18 18:12:14.072  INFO 18832 --- [main] o.s.w.s.handler.SimpleUrlHandlerMapping  : Mapped URL path [/webjars/**] onto handler of type [class org.springframework.web.servlet.resource.ResourceHttpRequestHandler]
2017-07-18 18:12:14.072  INFO 18832 --- [main] o.s.w.s.handler.SimpleUrlHandlerMapping  : Mapped URL path [/**] onto handler of type [class org.springframework.web.servlet.resource.ResourceHttpRequestHandler]
2017-07-18 18:12:14.114  INFO 18832 --- [main] o.s.w.s.handler.SimpleUrlHandlerMapping  : Mapped URL path [/**/favicon.ico] onto handler of type [class org.springframework.web.servlet.resource.ResourceHttpRequestHandler]
2017-07-18 18:12:14.281  INFO 18832 --- [main] a.taghizadeh.TestKannelApplicationTests  : Started TestKannelApplicationTests in 1.984 seconds (JVM running for 2.597)
2017-07-18 18:12:14.343  INFO 18832 --- [Thread-2] o.s.w.c.s.GenericWebApplicationContext   : Closing org.springframework.web.context.support.GenericWebApplicationContext@2e1d27ba: startup date [Tue Jul 18 18:12:12 IRDT 2017]; root of context hierarchy
2017-07-18 18:13:45.858  INFO 19002 --- [main] a.taghizadeh.TestKannelApplicationTests  : Starting TestKannelApplicationTests on Taghizadeh with PID 19002 (started by ali in /home/ali/IdeaProjects/TestKannel)
2017-07-18 18:13:45.859  INFO 19002 --- [main] a.taghizadeh.TestKannelApplicationTests  : No active profile set, falling back to default profiles: default
2017-07-18 18:13:45.898  INFO 19002 --- [main] o.s.w.c.s.GenericWebApplicationContext   : Refreshing org.springframework.web.context.support.GenericWebApplicationContext@2e1d27ba: startup date [Tue Jul 18 18:13:45 IRDT 2017]; root of context hierarchy
2017-07-18 18:13:47.240  INFO 19002 --- [main] s.w.s.m.m.a.RequestMappingHandlerAdapter : Looking for @ControllerAdvice: org.springframework.web.context.support.GenericWebApplicationContext@2e1d27ba: startup date [Tue Jul 18 18:13:45 IRDT 2017]; root of context hierarchy
2017-07-18 18:13:47.313  INFO 19002 --- [main] s.w.s.m.m.a.RequestMappingHandlerMapping : Mapped "{[/kannel/receive],methods=[GET]}" onto public org.springframework.http.ResponseEntity al.taghizadeh.MainController.receiveNewMessage(java.lang.String,java.lang.String,java.lang.String,java.lang.String,java.lang.String)
2017-07-18 18:13:47.314  INFO 19002 --- [main] s.w.s.m.m.a.RequestMappingHandlerMapping : Mapped "{[/kannel/dlr],methods=[GET]}" onto public org.springframework.http.ResponseEntity al.taghizadeh.MainController.receiveDeliveryMessage(java.lang.String,java.lang.String)
2017-07-18 18:13:47.317  INFO 19002 --- [main] s.w.s.m.m.a.RequestMappingHandlerMapping : Mapped "{[/error],produces=[text/html]}" onto public org.springframework.web.servlet.ModelAndView org.springframework.boot.autoconfigure.web.BasicErrorController.errorHtml(javax.servlet.http.HttpServletRequest,javax.servlet.http.HttpServletResponse)
2017-07-18 18:13:47.318  INFO 19002 --- [main] s.w.s.m.m.a.RequestMappingHandlerMapping : Mapped "{[/error]}" onto public org.springframework.http.ResponseEntity<java.util.Map<java.lang.String, java.lang.Object>> org.springframework.boot.autoconfigure.web.BasicErrorController.error(javax.servlet.http.HttpServletRequest)
2017-07-18 18:13:47.354  INFO 19002 --- [main] o.s.w.s.handler.SimpleUrlHandlerMapping  : Mapped URL path [/webjars/**] onto handler of type [class org.springframework.web.servlet.resource.ResourceHttpRequestHandler]
2017-07-18 18:13:47.355  INFO 19002 --- [main] o.s.w.s.handler.SimpleUrlHandlerMapping  : Mapped URL path [/**] onto handler of type [class org.springframework.web.servlet.resource.ResourceHttpRequestHandler]
2017-07-18 18:13:47.399  INFO 19002 --- [main] o.s.w.s.handler.SimpleUrlHandlerMapping  : Mapped URL path [/**/favicon.ico] onto handler of type [class org.springframework.web.servlet.resource.ResourceHttpRequestHandler]
2017-07-18 18:13:47.572  INFO 19002 --- [main] a.taghizadeh.TestKannelApplicationTests  : Started TestKannelApplicationTests in 1.928 seconds (JVM running for 2.684)
2017-07-18 18:13:47.625  INFO 19002 --- [Thread-2] o.s.w.c.s.GenericWebApplicationContext   : Closing org.springframework.web.context.support.GenericWebApplicationContext@2e1d27ba: startup date [Tue Jul 18 18:13:45 IRDT 2017]; root of context hierarchy
2017-07-18 19:06:29.995  INFO 20625 --- [main] a.taghizadeh.TestKannelApplicationTests  : Starting TestKannelApplicationTests on Taghizadeh with PID 20625 (started by ali in /home/ali/IdeaProjects/TestKannel)
2017-07-18 19:06:29.997  INFO 20625 --- [main] a.taghizadeh.TestKannelApplicationTests  : No active profile set, falling back to default profiles: default
2017-07-18 19:06:30.040  INFO 20625 --- [main] o.s.w.c.s.GenericWebApplicationContext   : Refreshing org.springframework.web.context.support.GenericWebApplicationContext@2e1d27ba: startup date [Tue Jul 18 19:06:30 IRDT 2017]; root of context hierarchy
2017-07-18 19:06:31.360  INFO 20625 --- [main] s.w.s.m.m.a.RequestMappingHandlerAdapter : Looking for @ControllerAdvice: org.springframework.web.context.support.GenericWebApplicationContext@2e1d27ba: startup date [Tue Jul 18 19:06:30 IRDT 2017]; root of context hierarchy
2017-07-18 19:06:31.431  INFO 20625 --- [main] s.w.s.m.m.a.RequestMappingHandlerMapping : Mapped "{[/kannel/dlr],methods=[GET]}" onto public org.springframework.http.ResponseEntity al.taghizadeh.MainController.receiveDeliveryMessage(java.lang.String,java.lang.String)
2017-07-18 19:06:31.432  INFO 20625 --- [main] s.w.s.m.m.a.RequestMappingHandlerMapping : Mapped "{[/kannel/receive],methods=[GET]}" onto public org.springframework.http.ResponseEntity al.taghizadeh.MainController.receiveNewMessage(java.lang.String,java.lang.String,java.lang.String,java.lang.String,java.lang.String)
2017-07-18 19:06:31.436  INFO 20625 --- [main] s.w.s.m.m.a.RequestMappingHandlerMapping : Mapped "{[/error],produces=[text/html]}" onto public org.springframework.web.servlet.ModelAndView org.springframework.boot.autoconfigure.web.BasicErrorController.errorHtml(javax.servlet.http.HttpServletRequest,javax.servlet.http.HttpServletResponse)
2017-07-18 19:06:31.437  INFO 20625 --- [main] s.w.s.m.m.a.RequestMappingHandlerMapping : Mapped "{[/error]}" onto public org.springframework.http.ResponseEntity<java.util.Map<java.lang.String, java.lang.Object>> org.springframework.boot.autoconfigure.web.BasicErrorController.error(javax.servlet.http.HttpServletRequest)
2017-07-18 19:06:31.467  INFO 20625 --- [main] o.s.w.s.handler.SimpleUrlHandlerMapping  : Mapped URL path [/webjars/**] onto handler of type [class org.springframework.web.servlet.resource.ResourceHttpRequestHandler]
2017-07-18 19:06:31.468  INFO 20625 --- [main] o.s.w.s.handler.SimpleUrlHandlerMapping  : Mapped URL path [/**] onto handler of type [class org.springframework.web.servlet.resource.ResourceHttpRequestHandler]
2017-07-18 19:06:31.509  INFO 20625 --- [main] o.s.w.s.handler.SimpleUrlHandlerMapping  : Mapped URL path [/**/favicon.ico] onto handler of type [class org.springframework.web.servlet.resource.ResourceHttpRequestHandler]
2017-07-18 19:06:31.664  INFO 20625 --- [main] a.taghizadeh.TestKannelApplicationTests  : Started TestKannelApplicationTests in 1.877 seconds (JVM running for 2.473)
2017-07-18 19:06:31.709  INFO 20625 --- [Thread-2] o.s.w.c.s.GenericWebApplicationContext   : Closing org.springframework.web.context.support.GenericWebApplicationContext@2e1d27ba: startup date [Tue Jul 18 19:06:30 IRDT 2017]; root of context hierarchy
2017-07-19 09:46:13.478  INFO 3315 --- [main] a.taghizadeh.TestKannelApplicationTests  : Starting TestKannelApplicationTests on Taghizadeh with PID 3315 (started by ali in /home/ali/IdeaProjects/TestKannel)
2017-07-19 09:46:13.481  INFO 3315 --- [main] a.taghizadeh.TestKannelApplicationTests  : No active profile set, falling back to default profiles: default
2017-07-19 09:46:13.538  INFO 3315 --- [main] o.s.w.c.s.GenericWebApplicationContext   : Refreshing org.springframework.web.context.support.GenericWebApplicationContext@2e1d27ba: startup date [Wed Jul 19 09:46:13 IRDT 2017]; root of context hierarchy
2017-07-19 09:46:14.966  INFO 3315 --- [main] s.w.s.m.m.a.RequestMappingHandlerAdapter : Looking for @ControllerAdvice: org.springframework.web.context.support.GenericWebApplicationContext@2e1d27ba: startup date [Wed Jul 19 09:46:13 IRDT 2017]; root of context hierarchy
2017-07-19 09:46:15.037  INFO 3315 --- [main] s.w.s.m.m.a.RequestMappingHandlerMapping : Mapped "{[/kannel/dlr],methods=[GET]}" onto public org.springframework.http.ResponseEntity al.taghizadeh.MainController.receiveDeliveryMessage(java.lang.String,java.lang.String)
2017-07-19 09:46:15.038  INFO 3315 --- [main] s.w.s.m.m.a.RequestMappingHandlerMapping : Mapped "{[/kannel/receive],methods=[GET]}" onto public org.springframework.http.ResponseEntity al.taghizadeh.MainController.receiveNewMessage(java.lang.String,java.lang.String,java.lang.String,java.lang.String,java.lang.String)
2017-07-19 09:46:15.041  INFO 3315 --- [main] s.w.s.m.m.a.RequestMappingHandlerMapping : Mapped "{[/error],produces=[text/html]}" onto public org.springframework.web.servlet.ModelAndView org.springframework.boot.autoconfigure.web.BasicErrorController.errorHtml(javax.servlet.http.HttpServletRequest,javax.servlet.http.HttpServletResponse)
2017-07-19 09:46:15.042  INFO 3315 --- [main] s.w.s.m.m.a.RequestMappingHandlerMapping : Mapped "{[/error]}" onto public org.springframework.http.ResponseEntity<java.util.Map<java.lang.String, java.lang.Object>> org.springframework.boot.autoconfigure.web.BasicErrorController.error(javax.servlet.http.HttpServletRequest)
2017-07-19 09:46:15.074  INFO 3315 --- [main] o.s.w.s.handler.SimpleUrlHandlerMapping  : Mapped URL path [/webjars/**] onto handler of type [class org.springframework.web.servlet.resource.ResourceHttpRequestHandler]
2017-07-19 09:46:15.075  INFO 3315 --- [main] o.s.w.s.handler.SimpleUrlHandlerMapping  : Mapped URL path [/**] onto handler of type [class org.springframework.web.servlet.resource.ResourceHttpRequestHandler]
2017-07-19 09:46:15.118  INFO 3315 --- [main] o.s.w.s.handler.SimpleUrlHandlerMapping  : Mapped URL path [/**/favicon.ico] onto handler of type [class org.springframework.web.servlet.resource.ResourceHttpRequestHandler]
2017-07-19 09:46:15.286  INFO 3315 --- [main] a.taghizadeh.TestKannelApplicationTests  : Started TestKannelApplicationTests in 2.039 seconds (JVM running for 3.046)
2017-07-19 09:46:15.338  INFO 3315 --- [Thread-2] o.s.w.c.s.GenericWebApplicationContext   : Closing org.springframework.web.context.support.GenericWebApplicationContext@2e1d27ba: startup date [Wed Jul 19 09:46:13 IRDT 2017]; root of context hierarchy
2017-07-19 10:34:27.061  INFO 4603 --- [main] al.taghizadeh.TestKannelApplication      : Starting TestKannelApplication on Taghizadeh with PID 4603 (/home/ali/IdeaProjects/TestKannel/target/classes started by ali in /home/ali/IdeaProjects/TestKannel)
2017-07-19 10:34:27.064  INFO 4603 --- [main] al.taghizadeh.TestKannelApplication      : No active profile set, falling back to default profiles: default
2017-07-19 10:34:27.143  INFO 4603 --- [main] ationConfigEmbeddedWebApplicationContext : Refreshing org.springframework.boot.context.embedded.AnnotationConfigEmbeddedWebApplicationContext@1786f9d5: startup date [Wed Jul 19 10:34:27 IRDT 2017]; root of context hierarchy
2017-07-19 10:34:28.484  INFO 4603 --- [main] s.b.c.e.t.TomcatEmbeddedServletContainer : Tomcat initialized with port(s): 8080 (http)
2017-07-19 10:34:28.492  INFO 4603 --- [main] o.apache.catalina.core.StandardService   : Starting service [Tomcat]
2017-07-19 10:34:28.493  INFO 4603 --- [main] org.apache.catalina.core.StandardEngine  : Starting Servlet Engine: Apache Tomcat/8.5.15
2017-07-19 10:34:28.537  INFO 4603 --- [localhost-startStop-1] o.a.c.c.C.[Tomcat].[localhost].[/]       : Initializing Spring embedded WebApplicationContext
2017-07-19 10:34:28.538  INFO 4603 --- [localhost-startStop-1] o.s.web.context.ContextLoader            : Root WebApplicationContext: initialization completed in 1401 ms
2017-07-19 10:34:28.603  INFO 4603 --- [localhost-startStop-1] o.s.b.w.servlet.ServletRegistrationBean  : Mapping servlet: 'dispatcherServlet' to [/]
2017-07-19 10:34:28.605  INFO 4603 --- [localhost-startStop-1] o.s.b.w.servlet.FilterRegistrationBean   : Mapping filter: 'characterEncodingFilter' to: [/*]
2017-07-19 10:34:28.606  INFO 4603 --- [localhost-startStop-1] o.s.b.w.servlet.FilterRegistrationBean   : Mapping filter: 'hiddenHttpMethodFilter' to: [/*]
2017-07-19 10:34:28.606  INFO 4603 --- [localhost-startStop-1] o.s.b.w.servlet.FilterRegistrationBean   : Mapping filter: 'httpPutFormContentFilter' to: [/*]
2017-07-19 10:34:28.606  INFO 4603 --- [localhost-startStop-1] o.s.b.w.servlet.FilterRegistrationBean   : Mapping filter: 'requestContextFilter' to: [/*]
2017-07-19 10:34:28.830  INFO 4603 --- [main] s.w.s.m.m.a.RequestMappingHandlerAdapter : Looking for @ControllerAdvice: org.springframework.boot.context.embedded.AnnotationConfigEmbeddedWebApplicationContext@1786f9d5: startup date [Wed Jul 19 10:34:27 IRDT 2017]; root of context hierarchy
2017-07-19 10:34:28.868  INFO 4603 --- [main] s.w.s.m.m.a.RequestMappingHandlerMapping : Mapped "{[/kannel/receive],methods=[GET]}" onto public org.springframework.http.ResponseEntity al.taghizadeh.MainController.receiveNewMessage(java.lang.String,java.lang.String,java.lang.String,java.lang.String,java.lang.String)
2017-07-19 10:34:28.869  INFO 4603 --- [main] s.w.s.m.m.a.RequestMappingHandlerMapping : Mapped "{[/kannel/dlr],methods=[GET]}" onto public org.springframework.http.ResponseEntity al.taghizadeh.MainController.receiveDeliveryMessage(java.lang.String,java.lang.String)
2017-07-19 10:34:28.871  INFO 4603 --- [main] s.w.s.m.m.a.RequestMappingHandlerMapping : Mapped "{[/error],produces=[text/html]}" onto public org.springframework.web.servlet.ModelAndView org.springframework.boot.autoconfigure.web.BasicErrorController.errorHtml(javax.servlet.http.HttpServletRequest,javax.servlet.http.HttpServletResponse)
2017-07-19 10:34:28.871  INFO 4603 --- [main] s.w.s.m.m.a.RequestMappingHandlerMapping : Mapped "{[/error]}" onto public org.springframework.http.ResponseEntity<java.util.Map<java.lang.String, java.lang.Object>> org.springframework.boot.autoconfigure.web.BasicErrorController.error(javax.servlet.http.HttpServletRequest)
2017-07-19 10:34:28.890  INFO 4603 --- [main] o.s.w.s.handler.SimpleUrlHandlerMapping  : Mapped URL path [/webjars/**] onto handler of type [class org.springframework.web.servlet.resource.ResourceHttpRequestHandler]
2017-07-19 10:34:28.890  INFO 4603 --- [main] o.s.w.s.handler.SimpleUrlHandlerMapping  : Mapped URL path [/**] onto handler of type [class org.springframework.web.servlet.resource.ResourceHttpRequestHandler]
2017-07-19 10:34:28.910  INFO 4603 --- [main] o.s.w.s.handler.SimpleUrlHandlerMapping  : Mapped URL path [/**/favicon.ico] onto handler of type [class org.springframework.web.servlet.resource.ResourceHttpRequestHandler]
2017-07-19 10:34:28.983  INFO 4603 --- [main] o.s.j.e.a.AnnotationMBeanExporter        : Registering beans for JMX exposure on startup
2017-07-19 10:34:29.011  INFO 4603 --- [main] s.b.c.e.t.TomcatEmbeddedServletContainer : Tomcat started on port(s): 8080 (http)
2017-07-19 10:34:29.014  INFO 4603 --- [main] al.taghizadeh.TestKannelApplication      : Started TestKannelApplication in 2.229 seconds (JVM running for 2.747)
2017-07-19 10:34:29.015  INFO 4603 --- [main] al.taghizadeh.TestKannelApplication      : Welcom to Testing kannel
2017-07-19 10:34:29.015  INFO 4603 --- [main] al.taghizadeh.TestKannelApplication      : Select from menu:
2017-07-19 10:34:29.015  INFO 4603 --- [main] al.taghizadeh.TestKannelApplication      : 1.send message
2017-07-19 10:34:29.015  INFO 4603 --- [main] al.taghizadeh.TestKannelApplication      : 2.exit
2017-07-19 10:34:41.344  INFO 4603 --- [Thread-3] ationConfigEmbeddedWebApplicationContext : Closing org.springframework.boot.context.embedded.AnnotationConfigEmbeddedWebApplicationContext@1786f9d5: startup date [Wed Jul 19 10:34:27 IRDT 2017]; root of context hierarchy
2017-07-19 10:34:41.345  INFO 4603 --- [Thread-3] o.s.j.e.a.AnnotationMBeanExporter        : Unregistering JMX-exposed beans on shutdown
2017-07-19 10:40:36.813  INFO 5130 --- [main] al.taghizadeh.TestKannelApplication      : Starting TestKannelApplication on Taghizadeh with PID 5130 (/home/ali/IdeaProjects/TestKannel/target/classes started by ali in /home/ali/IdeaProjects/TestKannel)
2017-07-19 10:40:36.815  INFO 5130 --- [main] al.taghizadeh.TestKannelApplication      : No active profile set, falling back to default profiles: default
2017-07-19 10:40:36.880  INFO 5130 --- [main] ationConfigEmbeddedWebApplicationContext : Refreshing org.springframework.boot.context.embedded.AnnotationConfigEmbeddedWebApplicationContext@1786f9d5: startup date [Wed Jul 19 10:40:36 IRDT 2017]; root of context hierarchy
2017-07-19 10:40:38.037  INFO 5130 --- [main] s.b.c.e.t.TomcatEmbeddedServletContainer : Tomcat initialized with port(s): 8080 (http)
2017-07-19 10:40:38.044  INFO 5130 --- [main] o.apache.catalina.core.StandardService   : Starting service [Tomcat]
2017-07-19 10:40:38.045  INFO 5130 --- [main] org.apache.catalina.core.StandardEngine  : Starting Servlet Engine: Apache Tomcat/8.5.15
2017-07-19 10:40:38.093  INFO 5130 --- [localhost-startStop-1] o.a.c.c.C.[Tomcat].[localhost].[/]       : Initializing Spring embedded WebApplicationContext
2017-07-19 10:40:38.094  INFO 5130 --- [localhost-startStop-1] o.s.web.context.ContextLoader            : Root WebApplicationContext: initialization completed in 1222 ms
2017-07-19 10:40:38.162  INFO 5130 --- [localhost-startStop-1] o.s.b.w.servlet.ServletRegistrationBean  : Mapping servlet: 'dispatcherServlet' to [/]
2017-07-19 10:40:38.165  INFO 5130 --- [localhost-startStop-1] o.s.b.w.servlet.FilterRegistrationBean   : Mapping filter: 'characterEncodingFilter' to: [/*]
2017-07-19 10:40:38.166  INFO 5130 --- [localhost-startStop-1] o.s.b.w.servlet.FilterRegistrationBean   : Mapping filter: 'hiddenHttpMethodFilter' to: [/*]
2017-07-19 10:40:38.166  INFO 5130 --- [localhost-startStop-1] o.s.b.w.servlet.FilterRegistrationBean   : Mapping filter: 'httpPutFormContentFilter' to: [/*]
2017-07-19 10:40:38.166  INFO 5130 --- [localhost-startStop-1] o.s.b.w.servlet.FilterRegistrationBean   : Mapping filter: 'requestContextFilter' to: [/*]
2017-07-19 10:40:38.407  INFO 5130 --- [main] s.w.s.m.m.a.RequestMappingHandlerAdapter : Looking for @ControllerAdvice: org.springframework.boot.context.embedded.AnnotationConfigEmbeddedWebApplicationContext@1786f9d5: startup date [Wed Jul 19 10:40:36 IRDT 2017]; root of context hierarchy
2017-07-19 10:40:38.456  INFO 5130 --- [main] s.w.s.m.m.a.RequestMappingHandlerMapping : Mapped "{[/kannel/receive],methods=[GET]}" onto public org.springframework.http.ResponseEntity al.taghizadeh.MainController.receiveNewMessage(java.lang.String,java.lang.String,java.lang.String,java.lang.String,java.lang.String)
2017-07-19 10:40:38.457  INFO 5130 --- [main] s.w.s.m.m.a.RequestMappingHandlerMapping : Mapped "{[/kannel/dlr],methods=[GET]}" onto public org.springframework.http.ResponseEntity al.taghizadeh.MainController.receiveDeliveryMessage(java.lang.String,java.lang.String)
2017-07-19 10:40:38.462  INFO 5130 --- [main] s.w.s.m.m.a.RequestMappingHandlerMapping : Mapped "{[/error],produces=[text/html]}" onto public org.springframework.web.servlet.ModelAndView org.springframework.boot.autoconfigure.web.BasicErrorController.errorHtml(javax.servlet.http.HttpServletRequest,javax.servlet.http.HttpServletResponse)
2017-07-19 10:40:38.462  INFO 5130 --- [main] s.w.s.m.m.a.RequestMappingHandlerMapping : Mapped "{[/error]}" onto public org.springframework.http.ResponseEntity<java.util.Map<java.lang.String, java.lang.Object>> org.springframework.boot.autoconfigure.web.BasicErrorController.error(javax.servlet.http.HttpServletRequest)
2017-07-19 10:40:38.480  INFO 5130 --- [main] o.s.w.s.handler.SimpleUrlHandlerMapping  : Mapped URL path [/webjars/**] onto handler of type [class org.springframework.web.servlet.resource.ResourceHttpRequestHandler]
2017-07-19 10:40:38.480  INFO 5130 --- [main] o.s.w.s.handler.SimpleUrlHandlerMapping  : Mapped URL path [/**] onto handler of type [class org.springframework.web.servlet.resource.ResourceHttpRequestHandler]
2017-07-19 10:40:38.503  INFO 5130 --- [main] o.s.w.s.handler.SimpleUrlHandlerMapping  : Mapped URL path [/**/favicon.ico] onto handler of type [class org.springframework.web.servlet.resource.ResourceHttpRequestHandler]
2017-07-19 10:40:38.593  INFO 5130 --- [main] o.s.j.e.a.AnnotationMBeanExporter        : Registering beans for JMX exposure on startup
2017-07-19 10:40:38.632  INFO 5130 --- [main] s.b.c.e.t.TomcatEmbeddedServletContainer : Tomcat started on port(s): 8080 (http)
2017-07-19 10:40:38.637  INFO 5130 --- [main] al.taghizadeh.TestKannelApplication      : Started TestKannelApplication in 2.085 seconds (JVM running for 2.743)
2017-07-19 10:40:38.637  INFO 5130 --- [main] al.taghizadeh.TestKannelApplication      : Welcom to Testing kannel
2017-07-19 10:40:38.637  INFO 5130 --- [main] al.taghizadeh.TestKannelApplication      : Select from menu:
2017-07-19 10:40:38.637  INFO 5130 --- [main] al.taghizadeh.TestKannelApplication      : 1.send message
2017-07-19 10:40:38.638  INFO 5130 --- [main] al.taghizadeh.TestKannelApplication      : 2.exit
2017-07-19 10:40:42.422  INFO 5130 --- [main] al.taghizadeh.TestKannelApplication      : please insert test id:
2017-07-19 10:40:47.415  INFO 5130 --- [main] al.taghizadeh.TestKannelApplication      : please insert messages count:
2017-07-19 10:40:50.918  INFO 5130 --- [main] al.taghizadeh.TestKannelApplication      : please insert message body:
2017-07-19 10:41:00.456  INFO 5130 --- [main] al.taghizadeh.TestKannelApplication      : please insert receivers seperated by comma
2017-07-19 10:41:13.488  INFO 5130 --- [main] al.taghizadeh.TestKannelApplication      : should insert test id in message?(true, false)
2017-07-19 10:41:18.564  INFO 5130 --- [main] al.taghizadeh.TestKannelApplication      : should insert message counter?
2017-07-19 10:41:30.030  INFO 5130 --- [main] al.taghizadeh.MessageSender              : Opening connection 
2017-07-19 10:41:30.037  INFO 5130 --- [main] al.taghizadeh.MessageSender              : Connection openned
2017-07-19 10:41:30.045  INFO 5130 --- [main] al.taghizadeh.MessageSender              : response : 0: Accepted for delivery
2017-07-19 10:41:30.045  INFO 5130 --- [main] al.taghizadeh.TestKannelApplication      : Select from menu:
2017-07-19 10:41:30.045  INFO 5130 --- [main] al.taghizadeh.TestKannelApplication      : 1.send message
2017-07-19 10:41:30.045  INFO 5130 --- [main] al.taghizadeh.TestKannelApplication      : 2.exit
2017-07-19 10:41:36.634  INFO 5130 --- [http-nio-8080-exec-1] o.a.c.c.C.[Tomcat].[localhost].[/]       : Initializing Spring FrameworkServlet 'dispatcherServlet'
2017-07-19 10:41:36.634  INFO 5130 --- [http-nio-8080-exec-1] o.s.web.servlet.DispatcherServlet        : FrameworkServlet 'dispatcherServlet': initialization started
2017-07-19 10:41:36.642  INFO 5130 --- [http-nio-8080-exec-1] o.s.web.servlet.DispatcherServlet        : FrameworkServlet 'dispatcherServlet': initialization completed in 8 ms
2017-07-19 10:41:36.661  INFO 5130 --- [http-nio-8080-exec-1] al.taghizadeh.MainController             : ======state message======
2017-07-19 10:41:36.661  INFO 5130 --- [http-nio-8080-exec-1] al.taghizadeh.MainController             : message id: 1-1
2017-07-19 10:41:36.661  INFO 5130 --- [http-nio-8080-exec-1] al.taghizadeh.MainController             : type: 8
2017-07-19 10:41:36.661  INFO 5130 --- [http-nio-8080-exec-1] al.taghizadeh.MainController             : total received: 0
2017-07-19 10:41:36.661  INFO 5130 --- [http-nio-8080-exec-1] al.taghizadeh.MainController             : =========================
2017-07-19 10:41:37.744  INFO 5130 --- [http-nio-8080-exec-2] al.taghizadeh.MainController             : ======state message======
2017-07-19 10:41:37.744  INFO 5130 --- [http-nio-8080-exec-2] al.taghizadeh.MainController             : message id: 1-1
2017-07-19 10:41:37.744  INFO 5130 --- [http-nio-8080-exec-2] al.taghizadeh.MainController             : type: 1
2017-07-19 10:41:37.744  INFO 5130 --- [http-nio-8080-exec-2] al.taghizadeh.MainController             : message received
2017-07-19 10:41:37.744  INFO 5130 --- [http-nio-8080-exec-2] al.taghizadeh.MainController             : total received: 1
2017-07-19 10:41:37.744  INFO 5130 --- [http-nio-8080-exec-2] al.taghizadeh.MainController             : =========================
2017-07-19 10:44:00.211  INFO 5130 --- [main] al.taghizadeh.TestKannelApplication      : please insert test id:
2017-07-19 10:44:16.193  INFO 5130 --- [main] al.taghizadeh.TestKannelApplication      : please insert messages count:
2017-07-19 10:44:36.463  INFO 5130 --- [Thread-3] ationConfigEmbeddedWebApplicationContext : Closing org.springframework.boot.context.embedded.AnnotationConfigEmbeddedWebApplicationContext@1786f9d5: startup date [Wed Jul 19 10:40:36 IRDT 2017]; root of context hierarchy
2017-07-19 10:44:36.465  INFO 5130 --- [Thread-3] o.s.j.e.a.AnnotationMBeanExporter        : Unregistering JMX-exposed beans on shutdown
